<?xml version="1.0" encoding="UTF-8"?>
<!-- Generated by org.testng.reporters.JUnitReportReporter -->
<testsuite hostname="DESKTOP-IBKLNMT" failures="0" tests="2" name="zebraDomain.zebraDomain.TestCases.TC_login_001" time="7.423" errors="1" timestamp="2022-06-28T12:35:21 IST" skipped="1">
  <testcase classname="zebraDomain.zebraDomain.TestCases.TC_login_001" name="setup" time="7.423">
    <error message="session not created: This version of ChromeDriver only supports Chrome version 97
Current browser version is 103.0.5060.53 with binary path C:\Program Files (x86)\Google\Chrome\Application\chrome.exe
Build info: version: &#039;3.141.59&#039;, revision: &#039;e82be7d358&#039;, time: &#039;2018-11-14T08:17:03&#039;
System info: host: &#039;DESKTOP-IBKLNMT&#039;, ip: &#039;192.168.0.104&#039;, os.name: &#039;Windows 10&#039;, os.arch: &#039;amd64&#039;, os.version: &#039;10.0&#039;, java.version: &#039;17.0.1&#039;
Driver info: driver.version: ChromeDriver
remote stacktrace: Backtrace:
	Ordinal0 [0x0124FDC3+2555331]
	Ordinal0 [0x011E77F1+2127857]
	Ordinal0 [0x010E2E08+1060360]
	Ordinal0 [0x011019CA+1186250]
	Ordinal0 [0x010FD825+1169445]
	Ordinal0 [0x010FAFC1+1159105]
	Ordinal0 [0x0112C22F+1360431]
	Ordinal0 [0x0112BE9A+1359514]
	Ordinal0 [0x01127976+1341814]
	Ordinal0 [0x011036B6+1193654]
	Ordinal0 [0x01104546+1197382]
	GetHandleVerifier [0x013E9622+1619522]
	GetHandleVerifier [0x0149882C+2336844]
	GetHandleVerifier [0x012E23E1+541697]
	GetHandleVerifier [0x012E1443+537699]
	Ordinal0 [0x011ED18E+2150798]
	Ordinal0 [0x011F1518+2168088]
	Ordinal0 [0x011F1660+2168416]
	Ordinal0 [0x011FB330+2208560]
	BaseThreadInitThunk [0x7672FA29+25]
	RtlGetAppContainerNamedObjectPath [0x77C47A7E+286]
	RtlGetAppContainerNamedObjectPath [0x77C47A4E+238]
" type="org.openqa.selenium.SessionNotCreatedException">
      <![CDATA[org.openqa.selenium.SessionNotCreatedException: session not created: This version of ChromeDriver only supports Chrome version 97
Current browser version is 103.0.5060.53 with binary path C:\Program Files (x86)\Google\Chrome\Application\chrome.exe
Build info: version: '3.141.59', revision: 'e82be7d358', time: '2018-11-14T08:17:03'
System info: host: 'DESKTOP-IBKLNMT', ip: '192.168.0.104', os.name: 'Windows 10', os.arch: 'amd64', os.version: '10.0', java.version: '17.0.1'
Driver info: driver.version: ChromeDriver
remote stacktrace: Backtrace:
Ordinal0 [0x0124FDC3+2555331]
Ordinal0 [0x011E77F1+2127857]
Ordinal0 [0x010E2E08+1060360]
Ordinal0 [0x011019CA+1186250]
Ordinal0 [0x010FD825+1169445]
Ordinal0 [0x010FAFC1+1159105]
Ordinal0 [0x0112C22F+1360431]
Ordinal0 [0x0112BE9A+1359514]
Ordinal0 [0x01127976+1341814]
Ordinal0 [0x011036B6+1193654]
Ordinal0 [0x01104546+1197382]
GetHandleVerifier [0x013E9622+1619522]
GetHandleVerifier [0x0149882C+2336844]
GetHandleVerifier [0x012E23E1+541697]
GetHandleVerifier [0x012E1443+537699]
Ordinal0 [0x011ED18E+2150798]
Ordinal0 [0x011F1518+2168088]
Ordinal0 [0x011F1660+2168416]
Ordinal0 [0x011FB330+2208560]
BaseThreadInitThunk [0x7672FA29+25]
RtlGetAppContainerNamedObjectPath [0x77C47A7E+286]
RtlGetAppContainerNamedObjectPath [0x77C47A4E+238]

at java.base/jdk.internal.reflect.NativeConstructorAccessorImpl.newInstance0(Native Method)
at java.base/jdk.internal.reflect.NativeConstructorAccessorImpl.newInstance(Unknown Source)
at java.base/jdk.internal.reflect.DelegatingConstructorAccessorImpl.newInstance(Unknown Source)
at java.base/java.lang.reflect.Constructor.newInstanceWithCaller(Unknown Source)
at java.base/java.lang.reflect.Constructor.newInstance(Unknown Source)
at org.openqa.selenium.remote.W3CHandshakeResponse.lambda$errorHandler$0(W3CHandshakeResponse.java:62)
at org.openqa.selenium.remote.HandshakeResponse.lambda$getResponseFunction$0(HandshakeResponse.java:30)
at org.openqa.selenium.remote.ProtocolHandshake.lambda$createSession$0(ProtocolHandshake.java:126)
at java.base/java.util.stream.ReferencePipeline$3$1.accept(Unknown Source)
at java.base/java.util.Spliterators$ArraySpliterator.tryAdvance(Unknown Source)
at java.base/java.util.stream.ReferencePipeline.forEachWithCancel(Unknown Source)
at java.base/java.util.stream.AbstractPipeline.copyIntoWithCancel(Unknown Source)
at java.base/java.util.stream.AbstractPipeline.copyInto(Unknown Source)
at java.base/java.util.stream.AbstractPipeline.wrapAndCopyInto(Unknown Source)
at java.base/java.util.stream.FindOps$FindOp.evaluateSequential(Unknown Source)
at java.base/java.util.stream.AbstractPipeline.evaluate(Unknown Source)
at java.base/java.util.stream.ReferencePipeline.findFirst(Unknown Source)
at org.openqa.selenium.remote.ProtocolHandshake.createSession(ProtocolHandshake.java:128)
at org.openqa.selenium.remote.ProtocolHandshake.createSession(ProtocolHandshake.java:74)
at org.openqa.selenium.remote.HttpCommandExecutor.execute(HttpCommandExecutor.java:136)
at org.openqa.selenium.remote.service.DriverCommandExecutor.execute(DriverCommandExecutor.java:83)
at org.openqa.selenium.remote.RemoteWebDriver.execute(RemoteWebDriver.java:552)
at org.openqa.selenium.remote.RemoteWebDriver.startSession(RemoteWebDriver.java:213)
at org.openqa.selenium.remote.RemoteWebDriver.<init>(RemoteWebDriver.java:131)
at org.openqa.selenium.chrome.ChromeDriver.<init>(ChromeDriver.java:181)
at org.openqa.selenium.chrome.ChromeDriver.<init>(ChromeDriver.java:168)
at org.openqa.selenium.chrome.ChromeDriver.<init>(ChromeDriver.java:123)
at zebraDomain.zebraDomain.TestCases.BaseClass.setup(BaseClass.java:28)
at java.base/jdk.internal.reflect.NativeMethodAccessorImpl.invoke0(Native Method)
at java.base/jdk.internal.reflect.NativeMethodAccessorImpl.invoke(Unknown Source)
at java.base/jdk.internal.reflect.DelegatingMethodAccessorImpl.invoke(Unknown Source)
at java.base/java.lang.reflect.Method.invoke(Unknown Source)
at org.testng.internal.MethodInvocationHelper.invokeMethod(MethodInvocationHelper.java:133)
at org.testng.internal.MethodInvocationHelper.invokeMethodConsideringTimeout(MethodInvocationHelper.java:62)
at org.testng.internal.ConfigInvoker.invokeConfigurationMethod(ConfigInvoker.java:385)
at org.testng.internal.ConfigInvoker.invokeConfigurations(ConfigInvoker.java:321)
at org.testng.internal.TestMethodWorker.invokeBeforeClassMethods(TestMethodWorker.java:176)
at org.testng.internal.TestMethodWorker.run(TestMethodWorker.java:122)
at java.base/java.util.ArrayList.forEach(Unknown Source)
at org.testng.TestRunner.privateRun(TestRunner.java:794)
at org.testng.TestRunner.run(TestRunner.java:596)
at org.testng.SuiteRunner.runTest(SuiteRunner.java:377)
at org.testng.SuiteRunner.runSequentially(SuiteRunner.java:371)
at org.testng.SuiteRunner.privateRun(SuiteRunner.java:332)
at org.testng.SuiteRunner.run(SuiteRunner.java:276)
at org.testng.SuiteRunnerWorker.runSuite(SuiteRunnerWorker.java:53)
at org.testng.SuiteRunnerWorker.run(SuiteRunnerWorker.java:96)
at org.testng.TestNG.runSuitesSequentially(TestNG.java:1212)
at org.testng.TestNG.runSuitesLocally(TestNG.java:1134)
at org.testng.TestNG.runSuites(TestNG.java:1063)
at org.testng.TestNG.run(TestNG.java:1031)
at org.testng.remote.AbstractRemoteTestNG.run(AbstractRemoteTestNG.java:115)
at org.testng.remote.RemoteTestNG.initAndRun(RemoteTestNG.java:251)
at org.testng.remote.RemoteTestNG.main(RemoteTestNG.java:77)
]]>
    </error>
  </testcase> <!-- setup -->
  <system-out/>
  <testcase classname="zebraDomain.zebraDomain.TestCases.TC_login_001" name="login" time="0.000">
    <skipped/>
  </testcase> <!-- login -->
  <system-out/>
</testsuite> <!-- zebraDomain.zebraDomain.TestCases.TC_login_001 -->
