<?xml version="1.0" encoding="UTF-8"?>
<!-- Generated by org.testng.reporters.JUnitReportReporter -->
<testsuite hostname="ZIN100-SR2888" failures="0" tests="5" name="zebraDomain.zebraDomain.TestCases.TC_Grantt_004" time="1.272" errors="1" timestamp="2021-11-14T09:35:34 IST" skipped="4">
  <testcase classname="zebraDomain.zebraDomain.TestCases.TC_Grantt_004" name="setup" time="1.272">
    <error message="session not created: This version of ChromeDriver only supports Chrome version 93
Current browser version is 95.0.4638.69 with binary path C:\Program Files\Google\Chrome\Application\chrome.exe
Build info: version: &#039;3.141.59&#039;, revision: &#039;e82be7d358&#039;, time: &#039;2018-11-14T08:17:03&#039;
System info: host: &#039;ZIN100-SR2888&#039;, ip: &#039;192.168.0.101&#039;, os.name: &#039;Windows 10&#039;, os.arch: &#039;amd64&#039;, os.version: &#039;10.0&#039;, java.version: &#039;15.0.2&#039;
Driver info: driver.version: ChromeDriver
remote stacktrace: Backtrace:
	Ordinal0 [0x003AD403+2479107]
	Ordinal0 [0x00347D51+2063697]
	Ordinal0 [0x002520C8+1056968]
	Ordinal0 [0x0027043A+1180730]
	Ordinal0 [0x0026C355+1164117]
	Ordinal0 [0x00269B7F+1153919]
	Ordinal0 [0x00299CBF+1350847]
	Ordinal0 [0x0029992A+1349930]
	Ordinal0 [0x0029583B+1333307]
	Ordinal0 [0x00271F94+1187732]
	Ordinal0 [0x00272DE9+1191401]
	GetHandleVerifier [0x0052F3F6+1531734]
	GetHandleVerifier [0x005DE9AE+2249998]
	GetHandleVerifier [0x004339AB+501003]
	GetHandleVerifier [0x00432A29+497033]
	Ordinal0 [0x0034D11D+2085149]
	Ordinal0 [0x003511C8+2101704]
	Ordinal0 [0x00351302+2102018]
	Ordinal0 [0x0035AA71+2140785]
	BaseThreadInitThunk [0x7766FA29+25]
	RtlGetAppContainerNamedObjectPath [0x77A97A9E+286]
	RtlGetAppContainerNamedObjectPath [0x77A97A6E+238]
" type="org.openqa.selenium.SessionNotCreatedException">
      <![CDATA[org.openqa.selenium.SessionNotCreatedException: session not created: This version of ChromeDriver only supports Chrome version 93
Current browser version is 95.0.4638.69 with binary path C:\Program Files\Google\Chrome\Application\chrome.exe
Build info: version: '3.141.59', revision: 'e82be7d358', time: '2018-11-14T08:17:03'
System info: host: 'ZIN100-SR2888', ip: '192.168.0.101', os.name: 'Windows 10', os.arch: 'amd64', os.version: '10.0', java.version: '15.0.2'
Driver info: driver.version: ChromeDriver
remote stacktrace: Backtrace:
Ordinal0 [0x003AD403+2479107]
Ordinal0 [0x00347D51+2063697]
Ordinal0 [0x002520C8+1056968]
Ordinal0 [0x0027043A+1180730]
Ordinal0 [0x0026C355+1164117]
Ordinal0 [0x00269B7F+1153919]
Ordinal0 [0x00299CBF+1350847]
Ordinal0 [0x0029992A+1349930]
Ordinal0 [0x0029583B+1333307]
Ordinal0 [0x00271F94+1187732]
Ordinal0 [0x00272DE9+1191401]
GetHandleVerifier [0x0052F3F6+1531734]
GetHandleVerifier [0x005DE9AE+2249998]
GetHandleVerifier [0x004339AB+501003]
GetHandleVerifier [0x00432A29+497033]
Ordinal0 [0x0034D11D+2085149]
Ordinal0 [0x003511C8+2101704]
Ordinal0 [0x00351302+2102018]
Ordinal0 [0x0035AA71+2140785]
BaseThreadInitThunk [0x7766FA29+25]
RtlGetAppContainerNamedObjectPath [0x77A97A9E+286]
RtlGetAppContainerNamedObjectPath [0x77A97A6E+238]

at java.base/jdk.internal.reflect.NativeConstructorAccessorImpl.newInstance0(Native Method)
at java.base/jdk.internal.reflect.NativeConstructorAccessorImpl.newInstance(NativeConstructorAccessorImpl.java:64)
at java.base/jdk.internal.reflect.DelegatingConstructorAccessorImpl.newInstance(DelegatingConstructorAccessorImpl.java:45)
at java.base/java.lang.reflect.Constructor.newInstanceWithCaller(Constructor.java:500)
at java.base/java.lang.reflect.Constructor.newInstance(Constructor.java:481)
at org.openqa.selenium.remote.W3CHandshakeResponse.lambda$errorHandler$0(W3CHandshakeResponse.java:62)
at org.openqa.selenium.remote.HandshakeResponse.lambda$getResponseFunction$0(HandshakeResponse.java:30)
at org.openqa.selenium.remote.ProtocolHandshake.lambda$createSession$0(ProtocolHandshake.java:126)
at java.base/java.util.stream.ReferencePipeline$3$1.accept(ReferencePipeline.java:195)
at java.base/java.util.Spliterators$ArraySpliterator.tryAdvance(Spliterators.java:958)
at java.base/java.util.stream.ReferencePipeline.forEachWithCancel(ReferencePipeline.java:127)
at java.base/java.util.stream.AbstractPipeline.copyIntoWithCancel(AbstractPipeline.java:502)
at java.base/java.util.stream.AbstractPipeline.copyInto(AbstractPipeline.java:488)
at java.base/java.util.stream.AbstractPipeline.wrapAndCopyInto(AbstractPipeline.java:474)
at java.base/java.util.stream.FindOps$FindOp.evaluateSequential(FindOps.java:150)
at java.base/java.util.stream.AbstractPipeline.evaluate(AbstractPipeline.java:234)
at java.base/java.util.stream.ReferencePipeline.findFirst(ReferencePipeline.java:543)
at org.openqa.selenium.remote.ProtocolHandshake.createSession(ProtocolHandshake.java:128)
at org.openqa.selenium.remote.ProtocolHandshake.createSession(ProtocolHandshake.java:74)
at org.openqa.selenium.remote.HttpCommandExecutor.execute(HttpCommandExecutor.java:136)
at org.openqa.selenium.remote.service.DriverCommandExecutor.execute(DriverCommandExecutor.java:83)
at org.openqa.selenium.remote.RemoteWebDriver.execute(RemoteWebDriver.java:552)
at org.openqa.selenium.remote.RemoteWebDriver.startSession(RemoteWebDriver.java:213)
at org.openqa.selenium.remote.RemoteWebDriver.<init>(RemoteWebDriver.java:131)
at org.openqa.selenium.chrome.ChromeDriver.<init>(ChromeDriver.java:181)
at org.openqa.selenium.chrome.ChromeDriver.<init>(ChromeDriver.java:168)
at org.openqa.selenium.chrome.ChromeDriver.<init>(ChromeDriver.java:123)
at zebraDomain.zebraDomain.TestCases.BaseClass.setup(BaseClass.java:28)
at java.base/jdk.internal.reflect.NativeMethodAccessorImpl.invoke0(Native Method)
at java.base/jdk.internal.reflect.NativeMethodAccessorImpl.invoke(NativeMethodAccessorImpl.java:64)
at java.base/jdk.internal.reflect.DelegatingMethodAccessorImpl.invoke(DelegatingMethodAccessorImpl.java:43)
at java.base/java.lang.reflect.Method.invoke(Method.java:564)
at org.testng.internal.MethodInvocationHelper.invokeMethod(MethodInvocationHelper.java:133)
at org.testng.internal.MethodInvocationHelper.invokeMethodConsideringTimeout(MethodInvocationHelper.java:62)
at org.testng.internal.ConfigInvoker.invokeConfigurationMethod(ConfigInvoker.java:385)
at org.testng.internal.ConfigInvoker.invokeConfigurations(ConfigInvoker.java:321)
at org.testng.internal.TestMethodWorker.invokeBeforeClassMethods(TestMethodWorker.java:176)
at org.testng.internal.TestMethodWorker.run(TestMethodWorker.java:122)
at java.base/java.util.ArrayList.forEach(ArrayList.java:1511)
at org.testng.TestRunner.privateRun(TestRunner.java:794)
at org.testng.TestRunner.run(TestRunner.java:596)
at org.testng.SuiteRunner.runTest(SuiteRunner.java:377)
at org.testng.SuiteRunner.runSequentially(SuiteRunner.java:371)
at org.testng.SuiteRunner.privateRun(SuiteRunner.java:332)
at org.testng.SuiteRunner.run(SuiteRunner.java:276)
at org.testng.SuiteRunnerWorker.runSuite(SuiteRunnerWorker.java:53)
at org.testng.SuiteRunnerWorker.run(SuiteRunnerWorker.java:96)
at org.testng.TestNG.runSuitesSequentially(TestNG.java:1212)
at org.testng.TestNG.runSuitesLocally(TestNG.java:1134)
at org.testng.TestNG.runSuites(TestNG.java:1063)
at org.testng.TestNG.run(TestNG.java:1031)
at org.testng.remote.AbstractRemoteTestNG.run(AbstractRemoteTestNG.java:115)
at org.testng.remote.RemoteTestNG.initAndRun(RemoteTestNG.java:251)
at org.testng.remote.RemoteTestNG.main(RemoteTestNG.java:77)
]]>
    </error>
  </testcase> <!-- setup -->
  <system-out/>
  <testcase classname="zebraDomain.zebraDomain.TestCases.TC_Grantt_004" name="login" time="0.000">
    <skipped/>
  </testcase> <!-- login -->
  <system-out/>
  <testcase classname="zebraDomain.zebraDomain.TestCases.TC_Grantt_004" name="howdoLink" time="0.000">
    <skipped/>
  </testcase> <!-- howdoLink -->
  <system-out/>
  <testcase classname="zebraDomain.zebraDomain.TestCases.TC_Grantt_004" name="smartSearch_1" time="0.000">
    <skipped/>
  </testcase> <!-- smartSearch_1 -->
  <system-out/>
  <testcase classname="zebraDomain.zebraDomain.TestCases.TC_Grantt_004" name="Grantt_1" time="0.000">
    <skipped/>
  </testcase> <!-- Grantt_1 -->
  <system-out/>
</testsuite> <!-- zebraDomain.zebraDomain.TestCases.TC_Grantt_004 -->
